Determining if the pthread_create exist failed with the following output:
Change Dir: /home/hass-usr/2020/TEC/Redes/proyectoAlexa/project-code/build/CMakeFiles/CMakeTmp

Run Build Command:"/usr/bin/make" "cmTC_fba7a/fast"
/usr/bin/make -f CMakeFiles/cmTC_fba7a.dir/build.make CMakeFiles/cmTC_fba7a.dir/build
make[1]: se entra en el directorio '/home/hass-usr/2020/TEC/Redes/proyectoAlexa/project-code/build/CMakeFiles/CMakeTmp'
/usr/bin/cmake: /usr/local/lib/libcurl.so.4: no version information available (required by /usr/bin/cmake)
Building C object CMakeFiles/cmTC_fba7a.dir/CheckSymbolExists.c.o
/usr/bin/cc    -o CMakeFiles/cmTC_fba7a.dir/CheckSymbolExists.c.o   -c /home/hass-usr/2020/TEC/Redes/proyectoAlexa/project-code/build/CMakeFiles/CMakeTmp/CheckSymbolExists.c
/usr/bin/cmake: /usr/local/lib/libcurl.so.4: no version information available (required by /usr/bin/cmake)
Linking C executable cmTC_fba7a
/usr/bin/cmake -E cmake_link_script CMakeFiles/cmTC_fba7a.dir/link.txt --verbose=1
/usr/bin/cmake: /usr/local/lib/libcurl.so.4: no version information available (required by /usr/bin/cmake)
/usr/bin/cc      -rdynamic CMakeFiles/cmTC_fba7a.dir/CheckSymbolExists.c.o  -o cmTC_fba7a 
CMakeFiles/cmTC_fba7a.dir/CheckSymbolExists.c.o: En la función `main':
CheckSymbolExists.c:(.text+0x1b): referencia a `pthread_create' sin definir
collect2: error: ld returned 1 exit status
CMakeFiles/cmTC_fba7a.dir/build.make:97: recipe for target 'cmTC_fba7a' failed
make[1]: *** [cmTC_fba7a] Error 1
make[1]: se sale del directorio '/home/hass-usr/2020/TEC/Redes/proyectoAlexa/project-code/build/CMakeFiles/CMakeTmp'
Makefile:126: recipe for target 'cmTC_fba7a/fast' failed
make: *** [cmTC_fba7a/fast] Error 2

File /home/hass-usr/2020/TEC/Redes/proyectoAlexa/project-code/build/CMakeFiles/CMakeTmp/CheckSymbolExists.c:
/* */
#include <pthread.h>

int main(int argc, char** argv)
{
  (void)argv;
#ifndef pthread_create
  return ((int*)(&pthread_create))[argc];
#else
  (void)argc;
  return 0;
#endif
}

Determining if the function pthread_create exists in the pthreads failed with the following output:
Change Dir: /home/hass-usr/2020/TEC/Redes/proyectoAlexa/project-code/build/CMakeFiles/CMakeTmp

Run Build Command:"/usr/bin/make" "cmTC_18ef4/fast"
/usr/bin/make -f CMakeFiles/cmTC_18ef4.dir/build.make CMakeFiles/cmTC_18ef4.dir/build
make[1]: se entra en el directorio '/home/hass-usr/2020/TEC/Redes/proyectoAlexa/project-code/build/CMakeFiles/CMakeTmp'
/usr/bin/cmake: /usr/local/lib/libcurl.so.4: no version information available (required by /usr/bin/cmake)
Building C object CMakeFiles/cmTC_18ef4.dir/CheckFunctionExists.c.o
/usr/bin/cc   -DCHECK_FUNCTION_EXISTS=pthread_create   -o CMakeFiles/cmTC_18ef4.dir/CheckFunctionExists.c.o   -c /usr/share/cmake-3.10/Modules/CheckFunctionExists.c
/usr/bin/cmake: /usr/local/lib/libcurl.so.4: no version information available (required by /usr/bin/cmake)
Linking C executable cmTC_18ef4
/usr/bin/cmake -E cmake_link_script CMakeFiles/cmTC_18ef4.dir/link.txt --verbose=1
/usr/bin/cmake: /usr/local/lib/libcurl.so.4: no version information available (required by /usr/bin/cmake)
/usr/bin/cc  -DCHECK_FUNCTION_EXISTS=pthread_create    -rdynamic CMakeFiles/cmTC_18ef4.dir/CheckFunctionExists.c.o  -o cmTC_18ef4 -lpthreads 
/usr/bin/ld: no se puede encontrar -lpthreads
collect2: error: ld returned 1 exit status
CMakeFiles/cmTC_18ef4.dir/build.make:97: recipe for target 'cmTC_18ef4' failed
make[1]: *** [cmTC_18ef4] Error 1
make[1]: se sale del directorio '/home/hass-usr/2020/TEC/Redes/proyectoAlexa/project-code/build/CMakeFiles/CMakeTmp'
Makefile:126: recipe for target 'cmTC_18ef4/fast' failed
make: *** [cmTC_18ef4/fast] Error 2


